<?xml version='1.0' encoding='UTF-8'?>
<testsuite hostname="DESKTOP-6QKGUQ1" name="AddSubSpec" tests="1" errors="0" failures="1" skipped="0" time="10.07" timestamp="2025-09-09T15:56:59">
          <properties>
      <property name="awt.toolkit" value="sun.awt.windows.WToolkit"/><property name="java.specification.version" value="11"/><property name="sun.cpu.isalist" value="amd64"/><property name="sun.jnu.encoding" value="Cp1252"/><property name="sun.arch.data.model" value="64"/><property name="java.vendor.url" value="https://www.microsoft.com"/><property name="sun.boot.library.path" value="C:\Program Files\Microsoft\jdk-11.0.16.101-hotspot\bin"/><property name="sun.java.command" value="xsbt.boot.Boot test MajoritySpec"/><property name="jdk.debug" value="release"/><property name="sun.stderr.encoding" value="cp850"/><property name="java.specification.vendor" value="Oracle Corporation"/><property name="java.version.date" value="2022-08-12"/><property name="java.home" value="C:\Program Files\Microsoft\jdk-11.0.16.101-hotspot"/><property name="file.separator" value="\"/><property name="java.vm.compressedOopsMode" value="32-bit"/><property name="line.separator" value="
"/><property name="sun.stdout.encoding" value="cp850"/><property name="java.specification.name" value="Java Platform API Specification"/><property name="java.vm.specification.vendor" value="Oracle Corporation"/><property name="user.script" value=""/><property name="sun.management.compiler" value="HotSpot 64-Bit Tiered Compilers"/><property name="java.runtime.version" value="11.0.16.1+1-LTS"/><property name="user.name" value="gabri"/><property name="log4j.ignoreTCL" value="true"/><property name="file.encoding" value="UTF-8"/><property name="jnidispatch.path" value="C:\Users\gabri\AppData\Local\Temp\jna-98110207\jna2664903762607465801.dll"/><property name="java.vendor.version" value="Microsoft-40648"/><property name="jna.loaded" value="true"/><property name="java.io.tmpdir" value="C:\Users\gabri\AppData\Local\Temp\"/><property name="java.version" value="11.0.16.1"/><property name="java.vm.specification.name" value="Java Virtual Machine Specification"/><property name="java.awt.printerjob" value="sun.awt.windows.WPrinterJob"/><property name="sun.os.patch.level" value=""/><property name="java.library.path" value="C:\Program Files\Microsoft\jdk-11.0.16.101-hotspot\bin;C:\WINDOWS\Sun\Java\bin;C:\WINDOWS\system32;C:\WINDOWS;C:\Program Files\Microsoft\jdk-11.0.16.101-hotspot\bin;C:\Program Files\Common Files\Oracle\Java\javapath;C:\WINDOWS\system32;C:\WINDOWS;C:\WINDOWS\System32\Wbem;C:\WINDOWS\System32\WindowsPowerShell\v1.0\;C:\WINDOWS\System32\OpenSSH\;C:\Program Files\Git\cmd;C:\Program Files\dotnet\;C:\msys64\mingw64\bin;C:\Users\gabri\.ProgramStuff\flutter\bin;;C:\Program Files\HP\HP One Agent;C:\Program Files\Vagrant\bin;C:\Users\gabri\AppData\Local\Programs\Python\Python311\Scripts\;C:\Users\gabri\AppData\Local\Programs\Python\Python311\;C:\Users\gabri\AppData\Local\Microsoft\WindowsApps;C:\Users\gabri\AppData\Local\GitHubDesktop\bin;C:\Users\gabri\.dotnet\tools;C:\Users\gabri\AppData\Local\Programs\Microsoft VS Code\bin;C:\Users\gabri\.a1 Universitet\SoftwareProjekt\flutter\bin;C:\Users\gabri\.dotnet\tools;C:\Program Files\JetBrains\IntelliJ IDEA Community Edition 2023.2.2\bin;C:\Users\gabri\AppData\Local\Coursier\data\bin;C:\Users\gabri\Maven\apache-maven-3.9.6\bin;C:\Users\gabri\.dotnet\tools;C:\Users\gabri\.ProgramStuff\Swipl\bin;C:\Users\gabri\.ProgramStuff\Swipl\bin\swipl-win.exe;;."/><property name="java.vendor" value="Microsoft"/><property name="scala.ext.dirs" value="C:\Users\gabri\.sbt\1.0\java9-rt-ext-microsoft_11_0_16_1"/><property name="sun.io.unicode.encoding" value="UnicodeLittle"/><property name="sun.desktop" value="windows"/><property name="java.class.path" value="C:\Users\gabri\AppData\Local\Coursier\cache\arc\https\github.com\sbt\sbt\releases\download\v1.9.6\sbt-1.9.6.zip\sbt\bin\sbt-launch.jar"/><property name="java.vm.vendor" value="Microsoft"/><property name="user.variant" value=""/><property name="jline.shutdownhook" value="false"/><property name="user.timezone" value="Europe/Paris"/><property name="os.name" value="Windows 10"/><property name="java.vm.specification.version" value="11"/><property name="sun.java.launcher" value="SUN_STANDARD"/><property name="user.country" value="DK"/><property name="sun.cpu.endian" value="little"/><property name="user.home" value="C:\Users\gabri"/><property name="user.language" value="da"/><property name="sbt.ipcsocket.tmpdir" value="C:\Users\gabri\AppData\Local\Temp\.sbta024ca47\ipcsocket"/><property name="swoval.tmpdir" value="C:\Users\gabri\AppData\Local\Temp\.sbta024ca47\swoval"/><property name="java.awt.graphicsenv" value="sun.awt.Win32GraphicsEnvironment"/><property name="jline.esc.timeout" value="0"/><property name="path.separator" value=";"/><property name="os.version" value="10.0"/><property name="jna.nosys" value="true"/><property name="java.runtime.name" value="OpenJDK Runtime Environment"/><property name="java.vm.name" value="OpenJDK 64-Bit Server VM"/><property name="java.vendor.url.bug" value="https://github.com/microsoft/openjdk/issues"/><property name="user.dir" value="C:\Users\gabri\.aGITProgrammering\chisel-lab\lab2"/><property name="os.arch" value="amd64"/><property name="java.vm.info" value="mixed mode"/><property name="java.vm.version" value="11.0.16.1+1-LTS"/><property name="java.class.version" value="55.0"/>
    </properties>
          <testcase classname="AddSubSpec" name="AddSub should pass" time="10.07">
                      <failure message="io_y=0 (0x0) did not equal expected=3 (0x3) (lines in AddSubSpec.scala: 13, 8)" type="org.scalatest.exceptions.TestFailedException">org.scalatest.exceptions.TestFailedException: io_y=0 (0x0) did not equal expected=3 (0x3) (lines in AddSubSpec.scala: 13, 8)
	at chiseltest.internal.TestEnvInterface.signalExpectFailure(TestEnvInterface.scala:60)
	at chiseltest.internal.TestEnvInterface.signalExpectFailure$(TestEnvInterface.scala:45)
	at AddSubSpec.signalExpectFailure(AddSubSpec.scala:5)
	at chiseltest.package$Utils$.expectFailed(package.scala:531)
	at chiseltest.package$Utils$.expectBits(package.scala:522)
	at chiseltest.package$testableUInt.expectInternal(package.scala:60)
	at chiseltest.package$testableUInt.expect(package.scala:63)
	at AddSubSpec.$anonfun$new$3(AddSubSpec.scala:13)
	at AddSubSpec.$anonfun$new$3$adapted(AddSubSpec.scala:8)
	at chiseltest.internal.GenericBackend.$anonfun$run$1(GenericBackend.scala:170)
	at chiseltest.internal.ThreadedBackend$TesterThread$$anon$1.$anonfun$run$1(ThreadedBackend.scala:495)
	at chiseltest.internal.GenericBackend.doTimescope(GenericBackend.scala:104)
	at chiseltest.internal.ThreadedBackend$TesterThread$$anon$1.run(ThreadedBackend.scala:495)
	at java.base/java.lang.Thread.run(Thread.java:829)
Caused by: chiseltest.internal.FailedExpectException: io_y=0 (0x0) did not equal expected=3 (0x3) (lines in AddSubSpec.scala: 13, 8)
	... 14 more
</failure>
                    </testcase>
          <system-out><![CDATA[]]></system-out>
          <system-err><![CDATA[]]></system-err>
        </testsuite>