<?xml version='1.0' encoding='UTF-8'?>
<testsuite hostname="DESKTOP-6QKGUQ1" name="AddSubSpec" tests="1" errors="0" failures="1" skipped="0" time="10.07" timestamp="2025-09-09T15:56:59">
          <properties>
[...]
</properties>
          <testcase classname="AddSubSpec" name="AddSub should pass" time="10.07">
                      <failure message="io_y=0 (0x0) did not equal expected=3 (0x3) (lines in AddSubSpec.scala: 13, 8)" type="org.scalatest.exceptions.TestFailedException">org.scalatest.exceptions.TestFailedException: io_y=0 (0x0) did not equal expected=3 (0x3) (lines in AddSubSpec.scala: 13, 8)
	at chiseltest.internal.TestEnvInterface.signalExpectFailure(TestEnvInterface.scala:60)
	at chiseltest.internal.TestEnvInterface.signalExpectFailure$(TestEnvInterface.scala:45)
	at AddSubSpec.signalExpectFailure(AddSubSpec.scala:5)
	at chiseltest.package$Utils$.expectFailed(package.scala:531)
	at chiseltest.package$Utils$.expectBits(package.scala:522)
	at chiseltest.package$testableUInt.expectInternal(package.scala:60)
	at chiseltest.package$testableUInt.expect(package.scala:63)
	at AddSubSpec.$anonfun$new$3(AddSubSpec.scala:13)
	at AddSubSpec.$anonfun$new$3$adapted(AddSubSpec.scala:8)
	at chiseltest.internal.GenericBackend.$anonfun$run$1(GenericBackend.scala:170)
	at chiseltest.internal.ThreadedBackend$TesterThread$$anon$1.$anonfun$run$1(ThreadedBackend.scala:495)
	at chiseltest.internal.GenericBackend.doTimescope(GenericBackend.scala:104)
	at chiseltest.internal.ThreadedBackend$TesterThread$$anon$1.run(ThreadedBackend.scala:495)
	at java.base/java.lang.Thread.run(Thread.java:829)
Caused by: chiseltest.internal.FailedExpectException: io_y=0 (0x0) did not equal expected=3 (0x3) (lines in AddSubSpec.scala: 13, 8)
	... 14 more
</failure>
                    </testcase>
          <system-out><![CDATA[]]></system-out>
          <system-err><![CDATA[]]></system-err>
        </testsuite>